Using AWS account ID: 522424656191
Creating VPC...
Using AWS account ID: 522424656191
Creating VPC...
VPC ID: vpc-051c73f310b1ec9f2
Creating Subnets...
Subnets created: subnet-0cefaa1f4b780629d, subnet-097aecf2486081357, subnet-07d87531454883773
Creating Internet Gateway...
Internet Gateway ID: igw-0253f49716019f969
Creating Route Table and Routes...
Using AWS account ID: 522424656191
Creating VPC...
VPC ID: vpc-0fb62c6e11823d67e
Creating Subnets...
Subnets created: subnet-04859c51696c0196b, subnet-062b07dbca8cf5f49, subnet-03e91bcaea37df18a
Creating Internet Gateway...
Internet Gateway ID: igw-02b5f5233263bf376
Creating Route Table and Routes...
Starting setup script...
Using AWS account ID: 522424656191
Creating VPC...
VPC ID: vpc-0e6c9356003783fd7
Creating Subnets...
Subnet 1 ID: subnet-02f8a65402d7ed589
Subnet 2 ID: subnet-012ab6cee1b4f00fe
Subnet 3 ID: subnet-0da7c600abdc9ca24
Subnets created and tagged
Creating Internet Gateway...
Internet Gateway ID: igw-0a70fa7f8b9e5e722
Creating Route Table and Routes...
Route Table ID: rtb-01f7132b4d93f4157
Error on line 64
Starting setup script...
Using AWS account ID: 522424656191
Creating VPC...
VPC ID: vpc-09faeee029fe6c8ef
Creating Subnets...
Subnet 1 ID: subnet-026970fdca1b86508
Subnet 2 ID: subnet-08452b8db519a9f10
Subnet 3 ID: subnet-08ca3cb48ef6e5b0d
Subnets created and tagged
Creating Internet Gateway...
Internet Gateway ID: igw-0484af97bb80e6a4a
Creating Route Table and Routes...
Route Table ID: rtb-0a59a316a896c1cd9
Error on line 64
Starting setup script...
Using AWS account ID: 522424656191
Creating VPC...
VPC ID: vpc-0db3401a117738dc1
Creating Subnets...
Subnet 1 ID: subnet-06d75e8dce6fb2e37
Subnet 2 ID: subnet-079ef637e950a20b7
Subnet 3 ID: subnet-0cbed07c4fbca634b
Subnets created and tagged
Creating Internet Gateway...
Internet Gateway ID: igw-0431ddea0ae83e249
Creating Route Table and Routes...
Route Table ID: rtb-036dc44bbe01a6c25
Error on line 64
Starting setup script...
Using AWS account ID: 522424656191
Creating VPC...
VPC ID: vpc-02ef6d17a21d4a2b2
Creating Subnets...
Subnet 1 ID: subnet-0abc48dbfbe8e38a7
Subnet 2 ID: subnet-028665ff109cbb43f
Subnet 3 ID: subnet-0986c22fcf4e94b09
Subnets created and tagged
Creating Internet Gateway...
Internet Gateway ID: igw-020da17a6ed283578
Creating Route Table...
Route Table ID: rtb-0a57a737e6919fd0f
Creating Route...
Error on line 72
Starting setup script...
Using AWS account ID: 522424656191
Creating VPC...
VPC ID: vpc-00da8a7a4c4c4475d
Creating Subnets...
Subnet 1 ID: subnet-050050369adc279cb
Subnet 2 ID: subnet-0aba839e7420d2402
Subnet 3 ID: subnet-0c1dd1f73af244c68
Subnets created and tagged
Creating Internet Gateway...
Internet Gateway ID: igw-028979dab2ea05f6f
Creating Route Table...
Route Table ID: rtb-0b9da57eb0e594fda
Creating Route...
Error on line 72
Starting setup script...
Using AWS account ID: 522424656191
Creating VPC...
VPC ID: vpc-09a02df524cd77204
Creating Subnets...
Subnet 1 ID: subnet-093264836adc7f165
Subnet 2 ID: subnet-08c479e5208ff4bfb
Subnet 3 ID: subnet-0805f7aa61476f014
Subnets created and tagged
Creating Internet Gateway...
Internet Gateway ID: igw-0e64964798936b7d9
Creating Route Table...
Route Table ID: rtb-055bfc58571f00f3c
Creating Route...
Error on line 75
Starting setup script...
Using AWS account ID: 522424656191
Creating VPC...
VPC ID: vpc-0ac2b6051f4ceca3a
Creating Subnets...
Subnet 1 ID: subnet-0c2a15e968117ca84
Subnet 2 ID: subnet-07ebd96d9733b3dbe
Subnet 3 ID: subnet-0420f1aadce2e2331
Subnets created and tagged
Creating Internet Gateway...
Internet Gateway ID: igw-0f6e4abbaaf997793
Creating Route Table...
Route Table ID: rtb-081e092e5ddcd5d15
Creating Route...
Error on line 89
Starting setup script...
Using AWS account ID: 522424656191
Creating VPC...
VPC ID: vpc-0e0011668035459a9
Creating Subnets...
Subnet 1 ID: subnet-062da0a1b0e669050
Subnet 2 ID: subnet-0b12ae16ee8d07eba
Subnet 3 ID: subnet-0249a1a0191f1cd89
Subnets created and tagged
Creating Internet Gateway...
Internet Gateway ID: igw-070d0f87b85d7726d
Creating Route Table...
Route Table ID: rtb-0c75cd4eb03e8a989
Creating Route...
Error on line 89
Starting setup script...
Using AWS account ID: 522424656191
Creating VPC...
VPC ID: vpc-09a485bb4e88e63cf
Creating Subnets...
Subnet 1 ID: subnet-03820efbb9c24da4a
Subnet 2 ID: subnet-0aba653fb01b54cf0
Subnet 3 ID: subnet-0ba3090df9d08cb91
Subnets created and tagged
Creating Internet Gateway...
Internet Gateway ID: igw-09a133f6a3cf97070
Creating Route Table...
Route Table ID: rtb-0ed518035dccfa8d9
Creating Route...
Error on line 89
Starting setup script...
Using AWS account ID: 522424656191
Creating VPC...
VPC ID: vpc-0a92071bca606bff6
Creating Subnets...
Subnet 1 ID: subnet-0c5e8d95917401032
Subnet 2 ID: subnet-015d76ab7e775bcff
Subnet 3 ID: subnet-02146dfe3656a0d7a
Subnets created and tagged
Creating Internet Gateway...
Internet Gateway ID: igw-07f9fe719d52518ed
Creating Route Table...
Route Table ID: rtb-00a202311fd6d5186
Creating Route...
Error on line 89
Starting setup script...
Using AWS account ID: 522424656191
Creating VPC...
VPC ID: vpc-026206f2bd62aa200
Creating Subnets...
Subnet 1 ID: subnet-0f2b41694cbfc222b
Subnet 2 ID: subnet-0331ac0b82700c975
Subnet 3 ID: subnet-0335ef7ffbeb935e8
Subnets created and tagged
Creating Internet Gateway...
Internet Gateway ID: igw-0d92cf5a46adbefae
Creating Route Table...
Route Table ID: rtb-095fce08e1ccd71dc
Creating Route...
Error on line 93
Starting setup script...
Using AWS account ID: 522424656191
Creating VPC...
VPC ID: vpc-0eaae8068bdced17e
Creating Subnets...
Subnet 1 ID: subnet-05f0a4de14ab14b37
Subnet 2 ID: subnet-0c6988eb488be77cc
Subnet 3 ID: subnet-0a8598700803f10c5
Subnets created and tagged
Creating Internet Gateway...
Internet Gateway ID: igw-048dda4ea8f6851f6
Creating Route Table...
Route Table ID: rtb-02d496d921d4dc28d
Creating Route...
Error on line 93
Starting setup script...
Using AWS account ID: 522424656191
Creating VPC...
VPC ID: vpc-095e8e7abdce06959
Creating Subnets...
Subnet 1 ID: subnet-0ebb7909b88ebf9b3
Subnet 2 ID: subnet-04ff89adfae1c4e12
Subnet 3 ID: subnet-05959f2fdf07824a6
Subnets created and tagged
Creating Internet Gateway...
Internet Gateway ID: igw-0fa8a6a6c13a803f6
Creating Route Table...
Route Table ID: rtb-004bffa2c65a0f7f4
Creating Route...
Error on line 93
Starting setup script...
Using AWS account ID: 522424656191
Error on line 38
Starting setup script...
Using AWS account ID: 522424656191
Creating VPC...
Error on line 61
Starting setup script...
Using AWS account ID: 522424656191
Creating VPC...
VPC ID: vpc-02f3d0aeda566c1d6
Creating Subnets...
Subnet 1 ID: subnet-0828ad3905c6cce94
Subnet 2 ID: subnet-0a14997a7f2ce4616
Subnet 3 ID: subnet-09b0ce697aacdb1d2
Subnets created and tagged
Creating Internet Gateway...
Internet Gateway ID: igw-04356f9370a7ecb20
Creating Route Table...
Route Table ID: rtb-0aa4c29ca49fc356f
Creating Route...
Error on line 93
Starting setup script...
Using AWS account ID: 522424656191
Creating VPC...
VPC ID: vpc-0626c146209eaa7bb
Creating Subnets...
Subnet 1 ID: subnet-0ebba72f0bcd056c5
Subnet 2 ID: subnet-0e22182cbf85812c9
Subnet 3 ID: subnet-02b51055abe61c89c
Subnets created and tagged
Creating Internet Gateway...
Internet Gateway ID: igw-06af7166939934ea2
Creating Route Table...
Route Table ID: rtb-06c66e184cafb9eec
Creating Route...
Create Route Output: {
    "Return": true
}
Route created successfully
Associating Route Table with Subnets...
Error on line 103
Starting setup script...
Using AWS account ID: 522424656191
Creating VPC...
VPC ID: vpc-09c3ba5b94e33cb0d
Creating Subnets...
Subnet 1 ID: subnet-0571a4194cf28d645
Subnet 2 ID: subnet-04fcf46bf326d43a3
Subnet 3 ID: subnet-08f0bcddbab7122ea
Subnets created and tagged
Creating Internet Gateway...
Internet Gateway ID: igw-0ba7e0731a3d66ea0
Creating Route Table...
Route Table ID: rtb-07f5b0d985029f135
Creating Route...
Create Route Output: {
    "Return": true
}
Route created successfully
Associating Route Table with Subnets...
Error on line 103
Starting setup script...
Using AWS account ID: 522424656191
Creating VPC...
VPC ID: vpc-093182455bee425ff
Creating Subnets...
Subnet 1 ID: subnet-0ea3421ef587c7596
Subnet 2 ID: subnet-00d864e7c8686c822
Subnet 3 ID: subnet-01b0309f7840b7b96
Subnets created and tagged
Creating Internet Gateway...
Internet Gateway ID: igw-01227a215850b8cfd
Creating Route Table...
Route Table ID: rtb-0cba62314a7b89c6d
Creating Route...
Create Route Output: {
    "Return": true
}
Route created successfully
Associating Route Table with Subnets...
Starting setup script...
Using AWS account ID: 522424656191
Creating VPC...
VPC ID: vpc-0305fb4dcc5f77964
Creating Subnets...
Subnet 1 ID: subnet-094403219d5a12bb7
Subnet 2 ID: subnet-0effaff1d4162fe91
Subnet 3 ID: subnet-0eae36aa6a81eabf5
Subnets created and tagged
Creating Internet Gateway...
Internet Gateway ID: igw-030959e9dc1c7f86d
Creating Route Table...
Route Table ID: rtb-0ee03c497a6356181
Creating Route...
Create Route Output: {
    "Return": true
}
Route created successfully
Associating Route Table with Subnets...
Subnet 1 associated with route table
Subnet 2 associated with route table
Subnet 3 associated with route table
Enabling Public IP on Subnets...
Public IP enabled on Subnets
Creating Security Group...
Security Group ID: sg-0dc06dedd30dced5d
Creating IAM Roles trust policies...
EKS Cluster Role already exists
EKS Worker Node Role already exists
Creating EKS Cluster...
Waiting for EKS Cluster to become ACTIVE...
EKS Cluster created successfully
Creating Node Group...
Error on line 189
Starting setup script...
Using AWS account ID: 522424656191
Creating VPC...
VPC ID: vpc-0599316496c233823
Creating Subnets...
Subnet 1 ID: subnet-04e406220147ed3da
Subnet 2 ID: subnet-0b26d3d0d22e88c38
Subnet 3 ID: subnet-09d1ddc890da7165c
Subnets created and tagged
Creating Internet Gateway...
Internet Gateway ID: igw-0d8213bc5762d4083
Creating Route Table...
Route Table ID: rtb-08e0dd89294e7e8a0
Creating Route...
Create Route Output: {
    "Return": true
}
Route created successfully
Associating Route Table with Subnets...
Subnet 1 associated with route table
Subnet 2 associated with route table
Subnet 3 associated with route table
Enabling Public IP on Subnets...
Public IP enabled on Subnets
Creating Security Group...
Security Group ID: sg-0f1972a16de5f52a0
Creating IAM Roles trust policies...
EKS Cluster Role already exists
EKS Worker Node Role already exists
Creating EKS Cluster...
Waiting for EKS Cluster to become ACTIVE...
EKS Cluster created successfully
Creating Node Group...
Error on line 189
Starting setup script...
Using AWS account ID: 522424656191
Creating VPC...
VPC ID: vpc-086ebd19cca1845a4
Creating Subnets...
Subnet 1 ID: subnet-06f07fd8d586e7afe
Subnet 2 ID: subnet-0aa621195e04a9f15
Subnet 3 ID: subnet-01febde860c321067
Subnets created and tagged
Creating Internet Gateway...
Internet Gateway ID: igw-0a9c3b978b50c77d9
Creating Route Table...
Route Table ID: rtb-0334f45870c3a67c3
Creating Route...
Create Route Output: {
    "Return": true
}
Route created successfully
Associating Route Table with Subnets...
Subnet 1 associated with route table
Subnet 2 associated with route table
Subnet 3 associated with route table
Enabling Public IP on Subnets...
Public IP enabled on Subnets
Creating Security Group...
Security Group ID: sg-040d438309d79e59a
Creating IAM Roles trust policies...
EKS Cluster Role already exists
Creating EKS Cluster...
Waiting for EKS Cluster to become ACTIVE...
EKS Cluster created successfully
Creating Node Group...
Node Group created
Updating kubeconfig...
Creating SSH Key Pair for Jenkins Server...
SSH Key Pair created: quamtel_jenkins.pem
Creating Jenkins Security Group...
Jenkins Security Group ID: sg-0e70a64556182846e
Creating Jenkins EC2 Instance...
Waiting for Jenkins EC2 Instance to be running...
Jenkins EC2 Instance created: i-09c596c0ed245b07c
Jenkins Server is running at: http://18.189.178.189:8080
Use the key pair quamtel_jenkins.pem to connect to the Jenkins server.
Starting setup script...
Using AWS account ID: 522424656191
Creating VPC...
VPC ID: vpc-0a1bf61ace079aaa3
Creating Subnets...
Subnet 1 ID: subnet-0c0eee51bec62bafc
Subnet 2 ID: subnet-0a7ab3f73ce4be8be
Subnet 3 ID: subnet-0f9b2d71ac2a1ddab
Subnets created and tagged
Creating Internet Gateway...
Internet Gateway ID: igw-05c52f7c2e7b8f2f8
Creating Route Table...
Route Table ID: rtb-0604e28d4351a59a6
Creating Route...
Create Route Output: {
    "Return": true
}
Route created successfully
Associating Route Table with Subnets...
Subnet 1 associated with route table
Subnet 2 associated with route table
Subnet 3 associated with route table
Enabling Public IP on Subnets...
Public IP enabled on Subnets
Creating Security Group...
Security Group ID: sg-0991b4cf9ba139865
Creating IAM Roles trust policies...
EKS Cluster Role already exists
Creating EKS Cluster...
Waiting for EKS Cluster to become ACTIVE...
EKS Cluster created successfully
Creating Node Group...
Node Group created
Updating kubeconfig...
Creating SSH Key Pair for Jenkins Server...
SSH Key Pair created: quamtel_jenkins.pem
Creating Jenkins Security Group...
Jenkins Security Group ID: sg-00c439eb85a2eb22a
Creating Jenkins EC2 Instance...
Waiting for Jenkins EC2 Instance to be running...
Jenkins EC2 Instance created: i-0ce7334afe9a3966b
Jenkins Server is running at: http://18.221.255.224:8080
Use the key pair quamtel_jenkins.pem to connect to the Jenkins server.
Starting setup script...
Using AWS account ID: 522424656191
Creating VPC...
VPC ID: vpc-053edaba3518237f7
Creating Subnets...
Subnet 1 ID: subnet-0d2e56ba868a65bdc
Subnet 2 ID: subnet-059811ca8b7df6d58
Subnet 3 ID: subnet-05ab6bee28fee4f82
Subnets created and tagged
Creating Internet Gateway...
Internet Gateway ID: igw-043526fb44f76a099
Creating Route Table...
Route Table ID: rtb-022bff035b8d6421e
Creating Route...
Create Route Output: {
    "Return": true
}
Route created successfully
Associating Route Table with Subnets...
Subnet 1 associated with route table
Subnet 2 associated with route table
Subnet 3 associated with route table
Enabling Public IP on Subnets...
Public IP enabled on Subnets
Creating Security Group...
Security Group ID: sg-0787663ab4fb318d6
Creating IAM Roles trust policies...
EKS Cluster Role already exists
Creating EKS Cluster...
Waiting for EKS Cluster to become ACTIVE...
EKS Cluster created successfully
Creating Node Group...
Node Group created
Updating kubeconfig...
Creating SSH Key Pair for Jenkins Server...
SSH Key Pair created: quamtel_jenkins.pem
Creating Jenkins Security Group...
Jenkins Security Group ID: sg-0f94bf3d683081064
Creating Jenkins EC2 Instance...
Waiting for Jenkins EC2 Instance to be running...
Jenkins EC2 Instance created: i-0ca3a846584a623ae
Jenkins Server is running at: http://52.14.136.199:8080
Use the key pair quamtel_jenkins.pem to connect to the Jenkins server.
Starting setup script...
Using AWS account ID: 522424656191
Creating VPC...
VPC ID: vpc-04bd8403b9c2aa023
Creating Subnets...
Subnet 1 ID: subnet-0a19a5a5ecca3954e
Subnet 2 ID: subnet-02ef3f3a513b1eb0e
Subnet 3 ID: subnet-021cdfcc9e2ca6498
Subnets created and tagged
Creating Internet Gateway...
Internet Gateway ID: igw-09b1c9d75babb6a5d
Creating Route Table...
Route Table ID: rtb-00520d357edf0017d
Creating Route...
Create Route Output: {
    "Return": true
}
Route created successfully
Associating Route Table with Subnets...
Subnet 1 associated with route table
Subnet 2 associated with route table
Subnet 3 associated with route table
Enabling Public IP on Subnets...
Public IP enabled on Subnets
Creating Security Group...
Security Group ID: sg-0ba13e9d943238f2c
Creating IAM Roles trust policies...
EKS Cluster Role already exists
Creating EKS Cluster...
Waiting for EKS Cluster to become ACTIVE...
EKS Cluster created successfully
Creating Node Group...
Node Group created
Updating kubeconfig...
Creating SSH Key Pair for Jenkins Server...
SSH Key Pair created: quamtel_jenkins.pem
Creating Jenkins Security Group...
Jenkins Security Group ID: sg-026e9388051d7e166
Creating Jenkins EC2 Instance...
Waiting for Jenkins EC2 Instance to be running...
Jenkins EC2 Instance created: i-08e1d90d0cee771d5
Jenkins Server is running at: http://18.117.103.30:8080
Use the key pair quamtel_jenkins.pem to connect to the Jenkins server.
Starting setup script...
Using AWS account ID: 522424656191
Creating VPC...
VPC ID: vpc-0a05e4087792e3c3f
Creating Subnets...
Subnet 1 ID: subnet-02fd65d3c06455254
Subnet 2 ID: subnet-03e6b393e2238f54c
Subnet 3 ID: subnet-09efb9e45763068f0
Subnets created and tagged
Creating Internet Gateway...
Internet Gateway ID: igw-08fd20904011a4f8e
Creating Route Table...
Route Table ID: rtb-0b21a54e18652e94d
Creating Route...
Create Route Output: {
    "Return": true
}
Route created successfully
Associating Route Table with Subnets...
Error on line 103
Starting setup script...
Using AWS account ID: 522424656191
Creating VPC...
VPC ID: vpc-08fa83dde7d94fef8
Creating Subnets...
Subnet 1 ID: subnet-0fadd2212b0b74a79
Subnet 2 ID: subnet-0a4001189689b4678
Subnet 3 ID: subnet-0f7536e7c9b2b10ea
Subnets created and tagged
Creating Internet Gateway...
Internet Gateway ID: igw-012ee8b78600101fa
Creating Route Table...
Route Table ID: rtb-00d872f7655778f65
Creating Route...
Create Route Output: {
    "Return": true
}
Route created successfully
Associating Route Table with Subnets...
Error on line 103
Starting setup script...
Using AWS account ID: 522424656191
Creating VPC...
VPC ID: vpc-0a93fed1715e98a3b
Creating Subnets...
Subnet 1 ID: subnet-064c214f1eac5c7e0
Subnet 2 ID: subnet-057ec0e856d6ad226
Subnet 3 ID: subnet-0a4e16f0d8482e46b
Subnets created and tagged
Creating Internet Gateway...
Internet Gateway ID: igw-0ff0ba8192feceaea
Creating Route Table...
Route Table ID: rtb-0b27ffe07de6a2656
Creating Route...
Create Route Output: {
    "Return": true
}
Route created successfully
Associating Route Table with Subnets...
Error on line 103
Starting setup script...
Using AWS account ID: 522424656191
Creating VPC...
VPC ID: vpc-042f6c4137bb768e0
Creating Subnets...
Subnet 1 ID: subnet-0dbbf5c63a6b3f751
Subnet 2 ID: subnet-05826b250984ac621
Subnet 3 ID: subnet-02b407dce4e9c1519
Subnets created and tagged
Creating Internet Gateway...
Internet Gateway ID: igw-0ca6c9f872944e9be
Creating Route Table...
Route Table ID: rtb-09e626ed00f548574
Creating Route...
Create Route Output: {
    "Return": true
}
Route created successfully
Associating Route Table with Subnets...
Subnet subnet-0dbbf5c63a6b3f751 associated with route table
Subnet subnet-05826b250984ac621 associated with route table
Subnet subnet-02b407dce4e9c1519 associated with route table
Starting setup script...
Using AWS account ID: 522424656191
Creating VPC...
VPC ID: vpc-0fac1c7f3ab3081ca
Creating Subnets...
Subnet 1 ID: subnet-0a4b3b9e4fdb1f698
Subnet 2 ID: subnet-06e361027885911fb
Subnet 3 ID: subnet-07b7faf5b2a693ab6
Subnets created and tagged
Creating Internet Gateway...
Internet Gateway ID: igw-08da21645741b3d51
Creating Route Table...
Route Table ID: rtb-02434952e69c3b09b
Creating Route...
Create Route Output: {
    "Return": true
}
Route created successfully
Associating Route Table with Subnets...
Subnet subnet-06e361027885911fb associated with route table
Subnet subnet-07b7faf5b2a693ab6 associated with route table
Subnet subnet-0a4b3b9e4fdb1f698 associated with route table
Starting setup script...
Using AWS account ID: 522424656191
Creating VPC...
VPC ID: vpc-0a8d209d0fc7105e7
Creating Subnets...
Subnet 1 ID: subnet-09b145b5619800baf
Subnet 2 ID: subnet-077a99cf1e9ca2933
Subnet 3 ID: subnet-0f7d9876b5a547f94
Subnets created and tagged
Creating Internet Gateway...
Internet Gateway ID: igw-0687c17d4a776b58f
Creating Route Table...
Route Table ID: rtb-0502e71803f561c7e
Creating Route...
Create Route Output: {
    "Return": true
}
Route created successfully
Error on line 101
Starting setup script...
Using AWS account ID: 522424656191
Creating VPC...
VPC ID: vpc-01c3b05e2bf5bf8b8
Creating Subnets...
Subnet 1 ID: subnet-0ef4aeb7de5f99774
Subnet 2 ID: subnet-0e39a11acccc4c88d
Subnet 3 ID: subnet-06a8e037089e82854
Subnets created and tagged
Creating Internet Gateway...
Internet Gateway ID: igw-06bacfbe945095a4b
Creating Route Table...
Route Table ID: rtb-0edcdb38f578551ae
Creating Route...
Create Route Output: {
    "Return": true
}
Route created successfully
Associating Route Table with Subnets...
Subnet subnet-0ef4aeb7de5f99774 associated with route table
Subnet subnet-0e39a11acccc4c88d associated with route table
Subnet subnet-06a8e037089e82854 associated with route table
Route table association completed
Associating Route Table with Subnets...
Error on line 131
2024-10-08 21:46:04 - Starting setup script...
2024-10-08 21:46:06 - Using AWS account ID: 522424656191
2024-10-08 21:46:42 - IAM role eks-cluster-role already exists
2024-10-08 21:46:43 - IAM role eks-worker-node-role already exists
2024-10-08 21:46:45 - Creating VPC...
2024-10-08 21:46:48 - VPC ID: vpc-0c77d6b042de2fc8d
2024-10-08 21:46:48 - Creating Subnets...
2024-10-08 21:46:55 - Subnet 1 ID: subnet-09f0b5c283c538bdd
2024-10-08 21:46:55 - Subnet 2 ID: subnet-0a13a2ae7b63a71b5
2024-10-08 21:46:55 - Subnet 3 ID: subnet-043572ef2d1c601fe
2024-10-08 21:46:55 - Creating Internet Gateway...
2024-10-08 21:46:58 - Internet Gateway ID: igw-0a22a4c3c49c57833
2024-10-08 21:46:58 - Creating Route Table...
2024-10-08 21:46:59 - Route Table ID: rtb-09429d7f9b72380d9
2024-10-08 21:46:59 - Creating Route...
2024-10-08 21:47:27 - Failed to create route
2024-10-08 22:07:39 - Starting setup script...
2024-10-08 22:07:40 - Using AWS account ID: 522424656191
2024-10-08 22:07:42 - IAM role eks-cluster-role already exists
2024-10-08 22:07:43 - IAM role eks-worker-node-role already exists
2024-10-08 22:07:44 - Creating VPC...
2024-10-08 22:07:47 - VPC ID: vpc-0b171e99006d241f8
2024-10-08 22:07:47 - Creating Subnets...
2024-10-08 22:07:54 - Subnets created: subnet-0c6d84b7e18a7f7db, subnet-09b3dd311a5eb2f7d, subnet-03fbad69af4373082
2024-10-08 22:07:54 - Creating Internet Gateway...
2024-10-08 22:07:56 - Internet Gateway ID: igw-0a00fccbe19636cf9
2024-10-08 22:07:56 - Creating Route Table...
2024-10-08 22:07:57 - Route Table ID: rtb-06c16dbe36e089439
2024-10-08 22:07:57 - Creating Route to IGW...
2024-10-08 22:09:21 - Error on line 108
[1;34m2024-10-08 22:16:49 - Starting setup script...[0m
[1;34m2024-10-08 22:16:49 - Fetching AWS Account ID...[0m
[1;34m2024-10-08 22:16:50 - Using AWS account ID: 522424656191[0m
[1;34m2024-10-08 22:16:51 - IAM role eks-cluster-role already exists[0m
[1;34m2024-10-08 22:16:52 - IAM role eks-worker-node-role already exists[0m
[1;34m2024-10-08 22:16:54 - Creating VPC...[0m
[1;34m2024-10-08 22:16:57 - VPC ID: vpc-04e434f3d42fc40bc[0m
[1;34m2024-10-08 22:16:57 - Creating Subnets...[0m
[1;34m2024-10-08 22:17:04 - Subnet 1 ID: subnet-03fcab7e3876f8435[0m
[1;34m2024-10-08 22:17:04 - Subnet 2 ID: subnet-09b06563cf4212e10[0m
[1;34m2024-10-08 22:17:04 - Subnet 3 ID: subnet-02d69e12861647637[0m
[1;34m2024-10-08 22:17:04 - Creating Internet Gateway...[0m
[1;34m2024-10-08 22:17:06 - Internet Gateway ID: igw-0520d0885bb498c68[0m
[1;34m2024-10-08 22:17:06 - Verifying Internet Gateway attachment to VPC...[0m
[1;34m2024-10-08 22:17:07 - Creating Route Table...[0m
[1;34m2024-10-08 22:17:08 - Route Table ID: rtb-0a91aecd7b8973167[0m
[1;34m2024-10-08 22:17:08 - Creating Route to IGW...[0m
[1;34m2024-10-08 22:18:25 - [1;31mFailed to create route to IGW igw-0520d0885bb498c68 on route table rtb-0a91aecd7b8973167[0m[0m
2024-10-09 15:18:40 - Starting QuamTel setup script...
2024-10-09 15:18:42 - Using AWS account ID: 522424656191
2024-10-09 15:18:43 - IAM role eks-cluster-role already exists
2024-10-09 15:18:44 - IAM role eks-worker-node-role already exists
2024-10-09 15:18:46 - Creating VPC...
2024-10-09 15:18:48 - VPC ID: vpc-0f6a2635b7ebdd197
2024-10-09 15:18:48 - Creating Subnets...
2024-10-09 15:18:55 - Subnets created: subnet-015bec108bc2cfc13, subnet-0c811d32422544165, subnet-09a4d4df3baf4db51
2024-10-09 15:18:55 - Creating Internet Gateway...
2024-10-09 15:18:57 - Internet Gateway ID: igw-0934ae68c78f0d1f5
2024-10-09 15:18:57 - Creating Route Table...
2024-10-09 15:18:58 - Route Table ID: rtb-00d863c5c3dec3cbc
2024-10-09 15:18:58 - Creating Route to Internet Gateway...
2024-10-09 15:19:11 - Error on line 125
2024-10-09 15:46:37 - Starting setup script...
2024-10-09 15:46:39 - Using AWS account ID: 522424656191
2024-10-09 15:46:40 - IAM role eks-cluster-role already exists
2024-10-09 15:46:41 - IAM role eks-worker-node-role already exists
2024-10-09 15:46:43 - Creating VPC...
2024-10-09 15:46:45 - VPC ID: vpc-0a9ca9d857c344149
2024-10-09 15:46:45 - Creating Subnets...
2024-10-09 15:46:52 - Subnets created: subnet-0395a9e8c1e0f3975, subnet-08d546d761baf9fc3, subnet-001ccccbb0adfaf54
2024-10-09 15:46:52 - Creating Internet Gateway...
2024-10-09 15:46:55 - Internet Gateway ID: igw-04b765b3d6571459a
2024-10-09 15:46:55 - Creating Route Table...
2024-10-09 15:46:56 - Route Table ID: rtb-0005540eb91526a69
2024-10-09 15:46:56 - Creating Route to Internet Gateway...
2024-10-09 15:49:54 - Error on line 112
Starting setup script...
Using AWS account ID: 522424656191
Creating VPC...
VPC ID: vpc-09afbe410d9d0d3c4
Creating Subnets...
Subnet 1 ID: subnet-03a19f18c86889b42
Subnet 2 ID: subnet-00559f848f803214f
Subnet 3 ID: subnet-06f177d0e0127f6e8
Subnets created and tagged
Creating Internet Gateway...
Internet Gateway ID: igw-08c33f15f219f448d
Creating Route Table...
Route Table ID: rtb-0c7932f707822407c
Creating Route...
Create Route Output: {
    "Return": true
}
Route created successfully
Associating Route Table with Subnets...
Error on line 103
Starting setup script...
Using AWS account ID: 522424656191
Creating VPC...
VPC ID: vpc-0486e60ca98e19600
Creating Subnets...
Subnet 1 ID: subnet-0d885c6ce42784fb5
Subnet 2 ID: subnet-066a00a1952cb8f74
Subnet 3 ID: subnet-03c015d68ea79dc90
Subnets created and tagged
Creating Internet Gateway...
Internet Gateway ID: igw-0d6feacc1d9abe126
Creating Route Table...
Route Table ID: rtb-0977c4d02a52d6b85
Creating Route...
Create Route Output: {
    "Return": true
}
Route created successfully
Associating Route Table with Subnets...
Error on line 103
2024-10-09 17:08:56 - Starting setup script...
2024-10-09 17:08:58 - Using AWS account ID: 522424656191
2024-10-09 17:08:59 - IAM role eks-cluster-role already exists
2024-10-09 17:09:00 - IAM role eks-worker-node-role already exists
2024-10-09 17:09:01 - Creating VPC and Subnets...
2024-10-09 17:09:04 - VPC ID: vpc-0370d4c254843b0be
2024-10-09 17:09:11 - Subnet IDs: subnet-09374d4a8f6a64efc, subnet-0fb87443a94d55519, subnet-07e38501803bc3604
2024-10-09 17:09:11 - Creating and attaching Internet Gateway...
2024-10-09 17:09:13 - Internet Gateway ID: igw-08e65e9ba336041bf
2024-10-09 17:09:13 - Creating Route Table and adding route to Internet Gateway...
2024-10-09 17:16:15 - Starting setup script...
2024-10-09 17:16:16 - Using AWS account ID: 522424656191
2024-10-09 17:16:18 - IAM role eks-cluster-role already exists
2024-10-09 17:16:19 - IAM role eks-worker-node-role already exists
2024-10-09 17:16:21 - Creating VPC and Subnets...
2024-10-09 17:16:24 - VPC ID: vpc-091ecde9b2a57613f
2024-10-09 17:16:32 - Subnet IDs: subnet-098a7056b0123d795, subnet-00be2b8f3ef871528, subnet-08a4a4e85f1fec5e1
2024-10-09 17:16:32 - Creating and attaching Internet Gateway...
2024-10-09 17:16:35 - Internet Gateway ID: igw-031d536948dd51b29
2024-10-09 17:16:35 - Creating Route Table and adding route to Internet Gateway...
2024-10-09 17:29:00 - Starting setup script...
2024-10-09 17:29:01 - Using AWS account ID: 522424656191
2024-10-09 17:29:02 - IAM role eks-cluster-role already exists
2024-10-09 17:29:03 - IAM role eks-worker-node-role already exists
2024-10-09 17:29:05 - Creating VPC and Subnets...
2024-10-09 17:29:07 - VPC ID: vpc-071b73337ed30d5ae
2024-10-09 17:29:14 - Subnet IDs: subnet-054dcba569d19cdfb, subnet-0484c36406f4b052f, subnet-0f7934ccc91f2b835
2024-10-09 17:29:14 - Creating and attaching Internet Gateway...
2024-10-09 17:29:16 - Internet Gateway ID: igw-0e9ccded9621ba664
2024-10-09 17:29:16 - Creating Route Table and adding route to Internet Gateway...
2024-10-09 17:32:28 - Starting setup script...
2024-10-09 17:32:29 - Using AWS account ID: 522424656191
2024-10-09 17:32:30 - IAM role eks-cluster-role already exists
2024-10-09 17:32:31 - IAM role eks-worker-node-role already exists
2024-10-09 17:32:33 - Creating VPC and Subnets...
2024-10-09 17:32:35 - VPC ID: vpc-0cf5d63be30428c87
2024-10-09 17:32:42 - Subnet IDs: subnet-09f9f0abed37fdd2d, subnet-0744ddebc696c6f39, subnet-0ba941a8598f56365
2024-10-09 17:32:42 - Creating and attaching Internet Gateway...
2024-10-09 17:32:44 - Internet Gateway ID: igw-032560a84c95e76e5
2024-10-09 17:32:44 - Creating Route Table...
2024-10-09 17:32:46 - Route Table ID: rtb-0ea1148ae643d54e9
2024-10-09 17:32:46 - Creating Route...
2024-10-09 17:32:47 - Route created successfully
2024-10-09 17:32:47 - Associating Route Table with Subnets...
2024-10-09 17:32:48 - Subnet subnet-09f9f0abed37fdd2d associated with route table (Association ID: rtbassoc-0932bbe147e12df60)
2024-10-09 17:32:51 - Subnet subnet-0744ddebc696c6f39 associated with route table (Association ID: rtbassoc-0c16c3c15850a2a23)
2024-10-09 17:32:54 - Subnet subnet-0ba941a8598f56365 associated with route table (Association ID: rtbassoc-0a887534010cd971b)
2024-10-09 17:32:56 - Enabling Public IP on Subnets...
2024-10-09 17:32:57 - Public IP enabled on subnet subnet-09f9f0abed37fdd2d
2024-10-09 17:33:00 - Public IP enabled on subnet subnet-0744ddebc696c6f39
2024-10-09 17:33:03 - Public IP enabled on subnet subnet-0ba941a8598f56365
2024-10-09 17:33:05 - Route Table associated with Subnets and Public IPs enabled
2024-10-09 17:33:05 - Creating Security Group...
2024-10-09 17:33:11 - Security Group ID: sg-0c5f4830bf31d3f52
2024-10-09 17:33:11 - Creating EKS Cluster...
2024-10-09 17:50:42 - Starting setup script...
2024-10-09 17:50:43 - Using AWS account ID: 522424656191
2024-10-09 17:50:44 - IAM role eks-cluster-role already exists
2024-10-09 17:50:45 - IAM role eks-worker-node-role already exists
2024-10-09 17:50:48 - Creating VPC and Subnets...
2024-10-09 17:50:50 - VPC ID: vpc-032e93aeb61cfab77
2024-10-09 17:50:57 - Subnet IDs: subnet-0a6f2db6d3627870b, subnet-01e6854d14d3b530d, subnet-009691b21b0ea934f
2024-10-09 17:50:57 - Creating and attaching Internet Gateway...
2024-10-09 17:50:59 - Internet Gateway ID: igw-010deb98396c2095c
2024-10-09 17:50:59 - Creating Route Table...
2024-10-09 17:51:00 - Route Table ID: rtb-0844aec671c5a9bea
2024-10-09 17:51:00 - Creating Route...
2024-10-09 17:51:01 - Route created successfully
2024-10-09 17:51:01 - Associating Route Table with Subnets...
2024-10-09 17:51:03 - Subnet subnet-0a6f2db6d3627870b associated with route table (Association ID: rtbassoc-0292d960cb0742157)
2024-10-09 17:51:06 - Subnet subnet-01e6854d14d3b530d associated with route table (Association ID: rtbassoc-04abc6577bc9514f8)
2024-10-09 17:51:09 - Subnet subnet-009691b21b0ea934f associated with route table (Association ID: rtbassoc-098185c00bafec129)
2024-10-09 17:51:11 - Enabling Public IP on Subnets...
2024-10-09 17:51:12 - Public IP enabled on subnet subnet-0a6f2db6d3627870b
2024-10-09 17:51:15 - Public IP enabled on subnet subnet-01e6854d14d3b530d
2024-10-09 17:51:18 - Public IP enabled on subnet subnet-009691b21b0ea934f
2024-10-09 17:51:20 - Route Table associated with Subnets and Public IPs enabled
2024-10-09 17:51:20 - Creating Security Group...
2024-10-09 17:51:26 - Security Group ID: sg-05a9a6fe38d0e93d3
2024-10-09 17:51:26 - Creating EKS Cluster...
2024-10-09 17:51:27 - Using EKS cluster role ARN: arn:aws:iam::522424656191:role/eks-cluster-role
2024-10-09 17:51:30 - EKS Cluster creation initiated. Waiting for cluster to become active...
2024-10-09 17:58:34 - EKS Cluster is now active
2024-10-09 17:58:34 - Updating kubeconfig...
2024-10-09 17:58:35 - Creating SSH Key Pair for Jenkins Server...
2024-10-09 18:05:42 - Starting setup script...
2024-10-09 18:05:43 - Using AWS account ID: 522424656191
2024-10-09 18:05:44 - IAM role eks-cluster-role already exists
2024-10-09 18:05:45 - IAM role eks-worker-node-role already exists
2024-10-09 18:05:47 - Creating VPC and Subnets...
2024-10-09 18:05:50 - VPC ID: vpc-09bcfbff7bef98ac4
2024-10-09 18:05:57 - Subnet IDs: subnet-0301b070cf86adafb, subnet-0bc293c03bb26d5a8, subnet-0058d8627b2229541
2024-10-09 18:05:57 - Creating and attaching Internet Gateway...
2024-10-09 18:05:59 - Internet Gateway ID: igw-022881cf349f523d8
2024-10-09 18:05:59 - Creating Route Table...
2024-10-09 18:06:00 - Route Table ID: rtb-0999faf269fb05594
2024-10-09 18:06:00 - Creating Route...
2024-10-09 18:06:01 - Route created successfully
2024-10-09 18:06:01 - Associating Route Table with Subnets...
2024-10-09 18:06:02 - Subnet subnet-0301b070cf86adafb associated with route table (Association ID: rtbassoc-06991dec3a1c335f5)
2024-10-09 18:06:05 - Subnet subnet-0bc293c03bb26d5a8 associated with route table (Association ID: rtbassoc-0d576e1e0f7b65d40)
2024-10-09 18:06:09 - Subnet subnet-0058d8627b2229541 associated with route table (Association ID: rtbassoc-06b8dab219697038f)
2024-10-09 18:06:11 - Enabling Public IP on Subnets...
2024-10-09 18:06:12 - Public IP enabled on subnet subnet-0301b070cf86adafb
2024-10-09 18:06:15 - Public IP enabled on subnet subnet-0bc293c03bb26d5a8
2024-10-09 18:06:18 - Public IP enabled on subnet subnet-0058d8627b2229541
2024-10-09 18:06:20 - Route Table associated with Subnets and Public IPs enabled
2024-10-09 18:06:20 - Creating Security Group...
2024-10-09 18:06:26 - Security Group ID: sg-014f2e2637bd881ae
2024-10-09 18:06:26 - Creating EKS Cluster...
2024-10-09 18:06:27 - Using EKS cluster role ARN: arn:aws:iam::522424656191:role/eks-cluster-role
2024-10-09 18:06:30 - EKS Cluster creation initiated. Waiting for cluster to become active...
2024-10-09 18:14:04 - EKS Cluster is now active
2024-10-09 18:14:04 - Updating kubeconfig...
2024-10-09 18:14:05 - Creating SSH Key Pair for Jenkins Server...
2024-10-09 18:32:10 - Starting setup script...
2024-10-09 18:32:12 - Using AWS account ID: 522424656191
2024-10-09 18:32:13 - IAM role eks-cluster-role already exists
2024-10-09 18:32:14 - IAM role eks-worker-node-role already exists
2024-10-09 18:32:15 - Creating VPC and Subnets...
2024-10-09 18:32:18 - VPC ID: vpc-0a60198b3344d3d59
2024-10-09 18:32:25 - Subnet IDs: subnet-0df4453f219627d28, subnet-0ef118fed4d14c2d5, subnet-0c8a6cebc5e555574
2024-10-09 18:32:25 - Creating and attaching Internet Gateway...
2024-10-09 18:32:27 - Internet Gateway ID: igw-0d7890f7afa9cb801
2024-10-09 18:32:27 - Creating Route Table...
2024-10-09 18:32:28 - Route Table ID: rtb-07b8a83a37fe73504
2024-10-09 18:32:28 - Creating Route...
2024-10-09 18:32:30 - Route created successfully
2024-10-09 18:32:30 - Associating Route Table with Subnets...
2024-10-09 18:32:31 - Subnet subnet-0df4453f219627d28 associated with route table (Association ID: rtbassoc-00cbc92b3d890ca9b)
2024-10-09 18:32:34 - Subnet subnet-0ef118fed4d14c2d5 associated with route table (Association ID: rtbassoc-0ce3ab56b48d6fc4d)
2024-10-09 18:32:37 - Subnet subnet-0c8a6cebc5e555574 associated with route table (Association ID: rtbassoc-0ab05d2de1bf2f66c)
2024-10-09 18:32:39 - Enabling Public IP on Subnets...
2024-10-09 18:32:40 - Public IP enabled on subnet subnet-0df4453f219627d28
2024-10-09 18:32:43 - Public IP enabled on subnet subnet-0ef118fed4d14c2d5
2024-10-09 18:32:46 - Public IP enabled on subnet subnet-0c8a6cebc5e555574
2024-10-09 18:32:48 - Route Table associated with Subnets and Public IPs enabled
2024-10-09 18:32:48 - Creating Security Group...
2024-10-09 18:32:54 - Security Group ID: sg-08bfa5f2beed459b6
2024-10-09 18:32:54 - Creating EKS Cluster...
2024-10-09 18:32:55 - Using EKS cluster role ARN: arn:aws:iam::522424656191:role/eks-cluster-role
2024-10-09 18:32:56 - Failed to create EKS cluster
2024-10-09 18:36:28 - Starting setup script...
2024-10-09 18:36:29 - Using AWS account ID: 522424656191
2024-10-09 18:36:30 - IAM role eks-cluster-role already exists
2024-10-09 18:36:31 - IAM role eks-worker-node-role already exists
2024-10-09 18:36:33 - Creating VPC and Subnets...
2024-10-09 18:36:36 - VPC ID: vpc-0e2a07f7592938814
2024-10-09 18:36:43 - Subnet IDs: subnet-0675585a611734570, subnet-0ff02ea0a91603e6f, subnet-01ac0a655a35bc401
2024-10-09 18:36:43 - Creating and attaching Internet Gateway...
2024-10-09 18:36:45 - Internet Gateway ID: igw-0cb04fd48d9efbbf4
2024-10-09 18:36:45 - Creating Route Table...
2024-10-09 18:36:46 - Route Table ID: rtb-02d6d247ef7b04950
2024-10-09 18:36:46 - Creating Route...
2024-10-09 18:36:47 - Route created successfully
2024-10-09 18:36:47 - Associating Route Table with Subnets...
2024-10-09 18:36:48 - Subnet subnet-0675585a611734570 associated with route table (Association ID: rtbassoc-0670ce1446e1576f7)
2024-10-09 18:36:52 - Subnet subnet-0ff02ea0a91603e6f associated with route table (Association ID: rtbassoc-0b73439668c0d3a27)
2024-10-09 18:36:55 - Subnet subnet-01ac0a655a35bc401 associated with route table (Association ID: rtbassoc-002836206a017af57)
2024-10-09 18:36:57 - Enabling Public IP on Subnets...
2024-10-09 18:36:58 - Public IP enabled on subnet subnet-0675585a611734570
2024-10-09 18:37:01 - Public IP enabled on subnet subnet-0ff02ea0a91603e6f
2024-10-09 18:37:04 - Public IP enabled on subnet subnet-01ac0a655a35bc401
2024-10-09 18:37:06 - Route Table associated with Subnets and Public IPs enabled
2024-10-09 18:37:06 - Creating Security Group...
2024-10-09 18:37:12 - Security Group ID: sg-0dac25c8e6956b03d
2024-10-09 18:37:12 - Creating EKS Cluster...
2024-10-09 18:37:13 - Using EKS cluster role ARN: arn:aws:iam::522424656191:role/eks-cluster-role
2024-10-09 18:37:16 - EKS Cluster creation initiated. Waiting for cluster to become active...
2024-10-09 18:44:50 - EKS Cluster is now active
2024-10-09 18:44:50 - Updating kubeconfig...
2024-10-09 18:44:52 - Creating SSH Key Pair for Jenkins Server...
2024-10-09 18:44:52 - Error: JENKINS_KEY_PAIR_NAME is not set
2024-10-09 18:51:14 - Starting setup script...
2024-10-09 18:51:16 - Using AWS account ID: 522424656191
2024-10-09 18:51:17 - IAM role eks-cluster-role already exists
2024-10-09 18:51:18 - IAM role eks-worker-node-role already exists
2024-10-09 18:51:20 - Creating VPC and Subnets...
2024-10-09 18:51:22 - VPC ID: vpc-0bf3eeb357e094fc1
2024-10-09 18:51:30 - Subnet IDs: subnet-0bd29efcda6324c05, subnet-0d75ebe2a61712fe0, subnet-06d238089babfea2f
2024-10-09 18:51:30 - Creating and attaching Internet Gateway...
2024-10-09 18:51:32 - Internet Gateway ID: igw-0c27f20e1591d683f
2024-10-09 18:51:32 - Creating Route Table...
2024-10-09 18:51:33 - Route Table ID: rtb-0bfe628dbf7ccf427
2024-10-09 18:51:33 - Creating Route...
2024-10-09 18:51:34 - Route created successfully
2024-10-09 18:51:34 - Associating Route Table with Subnets...
2024-10-09 18:51:35 - Subnet subnet-0bd29efcda6324c05 associated with route table (Association ID: rtbassoc-01060d50cb322202e)
2024-10-09 18:51:38 - Subnet subnet-0d75ebe2a61712fe0 associated with route table (Association ID: rtbassoc-05132cff85e9a2dd5)
2024-10-09 18:51:42 - Subnet subnet-06d238089babfea2f associated with route table (Association ID: rtbassoc-01564bd55b41efcb9)
2024-10-09 18:51:44 - Enabling Public IP on Subnets...
2024-10-09 18:51:45 - Public IP enabled on subnet subnet-0bd29efcda6324c05
2024-10-09 18:51:48 - Public IP enabled on subnet subnet-0d75ebe2a61712fe0
2024-10-09 18:51:51 - Public IP enabled on subnet subnet-06d238089babfea2f
2024-10-09 18:51:53 - Route Table associated with Subnets and Public IPs enabled
2024-10-09 18:51:53 - Creating Security Group...
2024-10-09 18:51:59 - Security Group ID: sg-03a4e23182da066d5
2024-10-09 18:51:59 - Creating EKS Cluster...
2024-10-09 18:52:00 - Using EKS cluster role ARN: arn:aws:iam::522424656191:role/eks-cluster-role
2024-10-09 18:52:04 - EKS Cluster creation initiated. Waiting for cluster to become active...
2024-10-09 18:59:38 - EKS Cluster is now active
2024-10-09 18:59:38 - Updating kubeconfig...
2024-10-09 18:59:39 - Creating SSH Key Pair for Jenkins Server...
2024-10-09 18:59:41 - SSH Key Pair created: quamtel_jenkins.pem
2024-10-09 18:59:41 - Creating Jenkins Security Group...
2024-10-09 18:59:42 - Jenkins Security Group ID: sg-06b3853fa36436893
2024-10-09 18:59:42 - Adding inbound rules to Jenkins Security Group...
2024-10-09 18:59:45 - Creating Jenkins EC2 Instance...
2024-10-09 19:25:57 - Starting setup script...
2024-10-09 19:25:59 - Using AWS account ID: 522424656191
2024-10-09 19:26:00 - IAM role eks-cluster-role already exists
2024-10-09 19:26:01 - IAM role eks-worker-node-role already exists
2024-10-09 19:26:03 - Creating VPC and Subnets...
2024-10-09 19:26:05 - VPC ID: vpc-04a6b85a52911f13a
2024-10-09 19:26:12 - Subnet IDs: subnet-0bb08d0a727f67db1, subnet-052815ebaa45f13de, subnet-058e81b053019738a
2024-10-09 19:26:12 - Creating and attaching Internet Gateway...
2024-10-09 19:26:14 - Internet Gateway ID: igw-0a853167797b84b13
2024-10-09 19:26:14 - Creating Route Table...
2024-10-09 19:26:16 - Route Table ID: rtb-030c1ba6c7b3b694a
2024-10-09 19:26:16 - Creating Route...
2024-10-09 19:26:17 - Route created successfully
2024-10-09 19:26:17 - Associating Route Table with Subnets...
2024-10-09 19:26:18 - Subnet subnet-0bb08d0a727f67db1 associated with route table (Association ID: rtbassoc-04b62ee5c23dd5b93)
2024-10-09 19:26:21 - Subnet subnet-052815ebaa45f13de associated with route table (Association ID: rtbassoc-0c958c061c6aa2376)
2024-10-09 19:26:24 - Subnet subnet-058e81b053019738a associated with route table (Association ID: rtbassoc-0a766332e117e5557)
2024-10-09 19:26:26 - Enabling Public IP on Subnets...
2024-10-09 19:26:28 - Public IP enabled on subnet subnet-0bb08d0a727f67db1
2024-10-09 19:26:31 - Public IP enabled on subnet subnet-052815ebaa45f13de
2024-10-09 19:26:34 - Public IP enabled on subnet subnet-058e81b053019738a
2024-10-09 19:26:36 - Route Table associated with Subnets and Public IPs enabled
2024-10-09 19:26:36 - Creating Security Group...
2024-10-09 19:26:42 - Security Group ID: sg-0f1476e9e97124d0d
2024-10-09 19:26:42 - Creating EKS Cluster...
2024-10-09 19:26:43 - Using EKS cluster role ARN: arn:aws:iam::522424656191:role/eks-cluster-role
2024-10-09 19:26:46 - EKS Cluster creation initiated. Waiting for cluster to become active...
2024-10-09 19:33:19 - EKS Cluster is now active
2024-10-09 19:33:19 - Updating kubeconfig...
2024-10-09 19:33:20 - Creating SSH Key Pair for Jenkins Server...
2024-10-09 19:33:20 - Error: Failed to create key pair
2024-10-09 19:50:13 - Starting setup script...
2024-10-09 19:50:15 - Using AWS account ID: 522424656191
2024-10-09 19:50:16 - IAM role eks-cluster-role already exists
2024-10-09 19:50:17 - IAM role eks-worker-node-role already exists
2024-10-09 19:50:18 - Creating VPC and Subnets...
2024-10-09 19:50:21 - VPC ID: vpc-0543c97d32bab74af
2024-10-09 19:50:28 - Subnet IDs: subnet-018745d7979fcc144, subnet-0e34b338728a47d98, subnet-0ceb0e2881a08d5c8
2024-10-09 19:50:28 - Creating and attaching Internet Gateway...
2024-10-09 19:50:30 - Internet Gateway ID: igw-0add5d1aa0fe272f5
2024-10-09 19:50:30 - Creating Route Table...
2024-10-09 19:50:31 - Route Table ID: rtb-0e3d36bc3d99f04d2
2024-10-09 19:50:31 - Creating Route...
2024-10-09 19:50:32 - Route created successfully
2024-10-09 19:50:32 - Associating Route Table with Subnets...
2024-10-09 19:50:33 - Subnet subnet-018745d7979fcc144 associated with route table (Association ID: rtbassoc-07a4ac1cd41166aa6)
2024-10-09 19:50:37 - Subnet subnet-0e34b338728a47d98 associated with route table (Association ID: rtbassoc-0f52437063172bb5c)
2024-10-09 19:50:40 - Subnet subnet-0ceb0e2881a08d5c8 associated with route table (Association ID: rtbassoc-00eeb96233565afcd)
2024-10-09 19:50:42 - Enabling Public IP on Subnets...
2024-10-09 19:50:43 - Public IP enabled on subnet subnet-018745d7979fcc144
2024-10-09 19:50:46 - Public IP enabled on subnet subnet-0e34b338728a47d98
2024-10-09 19:50:49 - Public IP enabled on subnet subnet-0ceb0e2881a08d5c8
2024-10-09 19:50:51 - Route Table associated with Subnets and Public IPs enabled
2024-10-09 19:50:51 - Creating Security Group...
2024-10-09 19:50:57 - Security Group ID: sg-086cda53221e2351d
2024-10-09 19:50:57 - Creating EKS Cluster...
2024-10-09 19:50:58 - Using EKS cluster role ARN: arn:aws:iam::522424656191:role/eks-cluster-role
2024-10-09 19:51:02 - EKS Cluster creation initiated. Waiting for cluster to become active...
2024-10-09 19:59:36 - EKS Cluster is now active
2024-10-09 19:59:36 - Updating kubeconfig...
2024-10-09 19:59:37 - Creating SSH Key Pair for Jenkins Server...
2024-10-09 19:59:38 - Error: Failed to create key pair
2024-10-09 20:06:24 - Starting setup script...
2024-10-09 20:06:26 - Using AWS account ID: 522424656191
2024-10-09 20:06:27 - IAM role eks-cluster-role already exists
2024-10-09 20:06:28 - IAM role eks-worker-node-role already exists
2024-10-09 20:06:30 - Creating VPC and Subnets...
2024-10-09 20:06:32 - VPC ID: vpc-04192e45fc5fc3d4e
2024-10-09 20:06:39 - Subnet IDs: subnet-074ea58146398e6ee, subnet-0afce98184d1dd2d1, subnet-040e70419a0fb6af6
2024-10-09 20:06:39 - Creating and attaching Internet Gateway...
2024-10-09 20:06:41 - Internet Gateway ID: igw-091a123ef6cc892ce
2024-10-09 20:06:41 - Creating Route Table...
2024-10-09 20:06:42 - Route Table ID: rtb-01b6646d4daeec50b
2024-10-09 20:06:42 - Creating Route...
2024-10-09 20:06:43 - Route created successfully
2024-10-09 20:06:43 - Associating Route Table with Subnets...
2024-10-09 20:06:45 - Subnet subnet-074ea58146398e6ee associated with route table (Association ID: rtbassoc-0177b0fa16dc07386)
2024-10-09 20:06:48 - Subnet subnet-0afce98184d1dd2d1 associated with route table (Association ID: rtbassoc-07ce6862de53c5b65)
2024-10-09 20:06:51 - Subnet subnet-040e70419a0fb6af6 associated with route table (Association ID: rtbassoc-0b49555123e0bec78)
2024-10-09 20:06:53 - Enabling Public IP on Subnets...
2024-10-09 20:06:54 - Public IP enabled on subnet subnet-074ea58146398e6ee
2024-10-09 20:06:57 - Public IP enabled on subnet subnet-0afce98184d1dd2d1
2024-10-09 20:07:00 - Public IP enabled on subnet subnet-040e70419a0fb6af6
2024-10-09 20:07:02 - Route Table associated with Subnets and Public IPs enabled
2024-10-09 20:07:02 - Creating Security Group...
2024-10-09 20:07:08 - Security Group ID: sg-097f345f44ff73897
2024-10-09 20:07:08 - Creating EKS Cluster...
2024-10-09 20:07:09 - Using EKS cluster role ARN: arn:aws:iam::522424656191:role/eks-cluster-role
2024-10-09 20:07:13 - EKS Cluster creation initiated. Waiting for cluster to become active...
2024-10-09 20:13:46 - EKS Cluster is now active
2024-10-09 20:13:46 - Updating kubeconfig...
2024-10-09 20:13:48 - Creating SSH Key Pair for Jenkins Server...
2024-10-09 20:13:49 - SSH Key Pair created: quamtel_jenkins.pem
2024-10-09 20:13:49 - Creating Jenkins Security Group...
2024-10-09 20:13:51 - Jenkins Security Group ID: sg-024926a6aef2e0cb3
2024-10-09 20:13:51 - Adding inbound rules to Jenkins Security Group...
2024-10-09 20:13:53 - Creating Jenkins EC2 Instance...
2024-10-09 20:27:05 - Starting setup script...
2024-10-09 20:27:07 - Using AWS account ID: 522424656191
2024-10-09 20:27:08 - IAM role eks-cluster-role already exists
2024-10-09 20:27:09 - IAM role eks-worker-node-role already exists
2024-10-09 20:27:11 - Creating VPC and Subnets...
2024-10-09 20:27:13 - VPC ID: vpc-0a8903377380c2167
2024-10-09 20:27:20 - Subnet IDs: subnet-079120e5dc0405816, subnet-0b146fd05f7b4aa58, subnet-088f639f1a00529b5
2024-10-09 20:27:20 - Creating and attaching Internet Gateway...
2024-10-09 20:27:23 - Internet Gateway ID: igw-0e84358b870d8a376
2024-10-09 20:27:23 - Creating Route Table...
2024-10-09 20:27:24 - Route Table ID: rtb-0b792e6600fae446a
2024-10-09 20:27:24 - Creating Route...
2024-10-09 20:27:25 - Route created successfully
2024-10-09 20:27:25 - Associating Route Table with Subnets...
2024-10-09 20:27:26 - Subnet subnet-079120e5dc0405816 associated with route table (Association ID: rtbassoc-0cc97b776c34b3dda)
2024-10-09 20:27:29 - Subnet subnet-0b146fd05f7b4aa58 associated with route table (Association ID: rtbassoc-09e1a889fb0e5288a)
2024-10-09 20:27:33 - Subnet subnet-088f639f1a00529b5 associated with route table (Association ID: rtbassoc-0d4291197882de7b0)
2024-10-09 20:27:35 - Enabling Public IP on Subnets...
2024-10-09 20:27:36 - Public IP enabled on subnet subnet-079120e5dc0405816
2024-10-09 20:27:39 - Public IP enabled on subnet subnet-0b146fd05f7b4aa58
2024-10-09 20:27:42 - Public IP enabled on subnet subnet-088f639f1a00529b5
2024-10-09 20:27:44 - Route Table associated with Subnets and Public IPs enabled
2024-10-09 20:27:44 - Creating Security Group...
2024-10-09 20:27:50 - Security Group ID: sg-041f70b3f1e25874c
2024-10-09 20:27:50 - Creating EKS Cluster...
2024-10-09 20:27:51 - Using EKS cluster role ARN: arn:aws:iam::522424656191:role/eks-cluster-role
2024-10-09 20:27:54 - EKS Cluster creation initiated. Waiting for cluster to become active...
2024-10-09 20:33:57 - EKS Cluster is now active
2024-10-09 20:33:57 - Updating kubeconfig...
2024-10-09 20:33:59 - Creating SSH Key Pair for Jenkins Server...
2024-10-09 20:34:00 - SSH Key Pair created: quamtel_jenkins.pem
2024-10-09 20:34:00 - Creating Jenkins Security Group...
2024-10-09 20:34:01 - Jenkins Security Group ID: sg-04340b2d2937ceea9
2024-10-09 20:34:01 - Adding inbound rules to Jenkins Security Group...
2024-10-09 20:34:04 - Creating Jenkins EC2 Instance...
2024-10-09 20:43:28 - Starting setup script...
2024-10-09 20:43:30 - Using AWS account ID: 522424656191
2024-10-09 20:43:31 - IAM role eks-cluster-role already exists
2024-10-09 20:43:32 - IAM role eks-worker-node-role already exists
2024-10-09 20:43:34 - Creating VPC and Subnets...
2024-10-09 20:43:36 - VPC ID: vpc-03f16af8f344ab23f
2024-10-09 20:43:43 - Subnet IDs: subnet-0c12d847fef28fb7a, subnet-0f1c3d3810008b3af, subnet-0524fec83363664d7
2024-10-09 20:43:43 - Creating and attaching Internet Gateway...
2024-10-09 20:43:45 - Internet Gateway ID: igw-0051b15a221747240
2024-10-09 20:43:45 - Creating Route Table...
2024-10-09 20:43:46 - Route Table ID: rtb-0c9cbe301f85291d5
2024-10-09 20:43:46 - Creating Route...
2024-10-09 20:43:47 - Route created successfully
2024-10-09 20:43:47 - Associating Route Table with Subnets...
2024-10-09 20:43:49 - Subnet subnet-0c12d847fef28fb7a associated with route table (Association ID: rtbassoc-0bcb51870197c0ac6)
2024-10-09 20:43:52 - Subnet subnet-0f1c3d3810008b3af associated with route table (Association ID: rtbassoc-0059237c47a004e45)
2024-10-09 20:43:55 - Subnet subnet-0524fec83363664d7 associated with route table (Association ID: rtbassoc-03c48ae291873feb6)
2024-10-09 20:43:57 - Enabling Public IP on Subnets...
2024-10-09 20:43:58 - Public IP enabled on subnet subnet-0c12d847fef28fb7a
2024-10-09 20:44:01 - Public IP enabled on subnet subnet-0f1c3d3810008b3af
2024-10-09 20:44:04 - Public IP enabled on subnet subnet-0524fec83363664d7
2024-10-09 20:44:07 - Route Table associated with Subnets and Public IPs enabled
2024-10-09 20:44:07 - Creating Security Group...
2024-10-09 20:44:13 - Security Group ID: sg-0826b94ae4570aeca
2024-10-09 20:44:13 - Creating EKS Cluster...
2024-10-09 20:44:13 - Using EKS cluster role ARN: arn:aws:iam::522424656191:role/eks-cluster-role
2024-10-09 20:44:17 - EKS Cluster creation initiated. Waiting for cluster to become active...
2024-10-09 20:52:21 - EKS Cluster is now active
2024-10-09 20:52:21 - Updating kubeconfig...
2024-10-09 20:52:22 - Creating SSH Key Pair for Jenkins Server...
2024-10-09 20:52:23 - SSH Key Pair created: quamtel_jenkins.pem
2024-10-09 20:52:23 - Creating Jenkins Security Group...
2024-10-09 20:52:24 - Jenkins Security Group ID: sg-0799356c4f8120817
2024-10-09 20:52:24 - Adding inbound rules to Jenkins Security Group...
2024-10-09 20:52:27 - Creating Jenkins EC2 Instance...
2024-10-09 21:06:46 - Starting setup script...
2024-10-09 21:06:48 - Using AWS account ID: 522424656191
2024-10-09 21:06:49 - IAM role eks-cluster-role already exists
2024-10-09 21:06:50 - IAM role eks-worker-node-role already exists
2024-10-09 21:06:52 - Creating VPC and Subnets...
2024-10-09 21:06:54 - VPC ID: vpc-08b8f83fc547de2df
2024-10-09 21:07:01 - Subnet IDs: subnet-08f6d710881f4fa24, subnet-0cc255915d2a65aa0, subnet-04d218ebd5b4248fd
2024-10-09 21:07:01 - Creating and attaching Internet Gateway...
2024-10-09 21:07:03 - Internet Gateway ID: igw-05ac85bc54f306955
2024-10-09 21:07:03 - Creating Route Table...
2024-10-09 21:07:05 - Route Table ID: rtb-00097335075916358
2024-10-09 21:07:05 - Creating Route...
2024-10-09 21:07:06 - Route created successfully
2024-10-09 21:07:06 - Associating Route Table with Subnets...
2024-10-09 21:07:07 - Subnet subnet-08f6d710881f4fa24 associated with route table (Association ID: rtbassoc-03bd9f652e565f437)
2024-10-09 21:07:10 - Subnet subnet-0cc255915d2a65aa0 associated with route table (Association ID: rtbassoc-02659b793d76188ad)
2024-10-09 21:07:13 - Subnet subnet-04d218ebd5b4248fd associated with route table (Association ID: rtbassoc-0f1207721fd904d64)
2024-10-09 21:07:15 - Enabling Public IP on Subnets...
2024-10-09 21:07:17 - Public IP enabled on subnet subnet-08f6d710881f4fa24
2024-10-09 21:07:20 - Public IP enabled on subnet subnet-0cc255915d2a65aa0
2024-10-09 21:07:24 - Public IP enabled on subnet subnet-04d218ebd5b4248fd
2024-10-09 21:07:26 - Route Table associated with Subnets and Public IPs enabled
2024-10-09 21:07:26 - Creating Security Group...
2024-10-09 21:07:33 - Security Group ID: sg-020387b2e15542c32
2024-10-09 21:07:33 - Creating EKS Cluster...
2024-10-09 21:07:34 - Using EKS cluster role ARN: arn:aws:iam::522424656191:role/eks-cluster-role
2024-10-09 21:07:37 - EKS Cluster creation initiated. Waiting for cluster to become active...
2024-10-09 21:13:40 - EKS Cluster is now active
2024-10-09 21:13:40 - Updating kubeconfig...
2024-10-09 21:13:41 - Creating SSH Key Pair for Jenkins Server...
2024-10-09 21:13:42 - SSH Key Pair created: quamtel_jenkins.pem
2024-10-09 21:13:42 - Creating Jenkins Security Group...
2024-10-09 21:13:44 - Jenkins Security Group ID: sg-0383ca6763a2be7db
2024-10-09 21:13:44 - Adding inbound rules to Jenkins Security Group...
2024-10-09 21:13:46 - Creating Jenkins EC2 Instance...
2024-10-09 21:14:03 - Jenkins EC2 Instance ID: i-05c848044c502477f
2024-10-09 21:14:04 - Waiting for Jenkins EC2 Instance to be running...
2024-10-09 21:14:21 - Jenkins EC2 Instance is now running
2024-10-09 21:14:22 - Jenkins Server is running at: http://3.135.186.215:8080
2024-10-09 21:14:22 - Use the key pair quamtel_jenkins.pem to connect to the Jenkins server.
2024-10-09 21:31:43 - Starting setup script...
2024-10-09 21:31:45 - Using AWS account ID: 522424656191
2024-10-09 21:31:46 - IAM role eks-cluster-role already exists
2024-10-09 21:31:47 - IAM role eks-worker-node-role already exists
2024-10-09 21:31:49 - Creating VPC and Subnets...
2024-10-09 21:31:51 - VPC ID: vpc-02fb09bff0d988b6a
2024-10-09 21:31:58 - Subnet IDs: subnet-01274377b4167d0cb, subnet-05472d23722cdcb82, subnet-0873ababda63eca74
2024-10-09 21:31:58 - Creating and attaching Internet Gateway...
2024-10-09 21:32:00 - Internet Gateway ID: igw-09ef8f4ce1f21b2fe
2024-10-09 21:32:00 - Creating Route Table...
2024-10-09 21:32:01 - Route Table ID: rtb-0d3890c3709e2c96b
2024-10-09 21:32:01 - Creating Route...
2024-10-09 21:32:02 - Route created successfully
2024-10-09 21:32:02 - Associating Route Table with Subnets...
2024-10-09 21:32:04 - Subnet subnet-01274377b4167d0cb associated with route table (Association ID: rtbassoc-09495d595db12baf3)
2024-10-09 21:32:07 - Subnet subnet-05472d23722cdcb82 associated with route table (Association ID: rtbassoc-02ea1028815508091)
2024-10-09 21:32:10 - Subnet subnet-0873ababda63eca74 associated with route table (Association ID: rtbassoc-02908f6c84e6f70d4)
2024-10-09 21:32:12 - Enabling Public IP on Subnets...
2024-10-09 21:32:13 - Public IP enabled on subnet subnet-01274377b4167d0cb
2024-10-09 21:32:16 - Public IP enabled on subnet subnet-05472d23722cdcb82
2024-10-09 21:32:19 - Public IP enabled on subnet subnet-0873ababda63eca74
2024-10-09 21:32:21 - Route Table associated with Subnets and Public IPs enabled
2024-10-09 21:32:21 - Creating Security Group...
2024-10-09 21:32:28 - Security Group ID: sg-067fd6de2060514df
2024-10-09 21:32:28 - Creating EKS Cluster...
2024-10-09 21:32:29 - Using EKS cluster role ARN: arn:aws:iam::522424656191:role/eks-cluster-role
2024-10-09 21:32:32 - EKS Cluster creation initiated. Waiting for cluster to become active...
2024-10-09 21:39:35 - EKS Cluster is now active
2024-10-09 21:39:35 - Updating kubeconfig...
2024-10-09 21:39:37 - Creating SSH Key Pair for Jenkins Server...
2024-10-09 21:39:38 - SSH Key Pair created: quamtel_jenkins.pem
2024-10-09 21:39:38 - Creating Jenkins Security Group...
2024-10-09 21:39:39 - Jenkins Security Group ID: sg-0e0e1b1f99bea0415
2024-10-09 21:39:39 - Adding inbound rules to Jenkins Security Group...
2024-10-09 21:39:41 - Creating Jenkins EC2 Instance...
2024-10-09 21:47:50 - Starting setup script...
2024-10-09 21:47:52 - Using AWS account ID: 522424656191
2024-10-09 21:47:53 - IAM role eks-cluster-role already exists
2024-10-09 21:47:54 - IAM role eks-worker-node-role already exists
2024-10-09 21:47:55 - Creating VPC and Subnets...
2024-10-09 21:47:58 - VPC ID: vpc-027c4dd6414d7f8a7
2024-10-09 21:48:05 - Subnet IDs: subnet-0c43e44cb3ec706fe, subnet-027a10736124f28f0, subnet-0040769b343744279
2024-10-09 21:48:05 - Creating and attaching Internet Gateway...
2024-10-09 21:48:07 - Internet Gateway ID: igw-0632015f243430723
2024-10-09 21:48:07 - Creating Route Table...
2024-10-09 21:48:08 - Route Table ID: rtb-0cf03837eb3a01773
2024-10-09 21:48:08 - Creating Route...
2024-10-09 21:48:09 - Route created successfully
2024-10-09 21:48:09 - Associating Route Table with Subnets...
2024-10-09 21:48:10 - Subnet subnet-0c43e44cb3ec706fe associated with route table (Association ID: rtbassoc-0c55b4d9b87fd049a)
2024-10-09 21:48:13 - Subnet subnet-027a10736124f28f0 associated with route table (Association ID: rtbassoc-0dfffabc376c20ae7)
2024-10-09 21:48:17 - Subnet subnet-0040769b343744279 associated with route table (Association ID: rtbassoc-04002f55965f415aa)
2024-10-09 21:48:19 - Enabling Public IP on Subnets...
2024-10-09 21:48:20 - Public IP enabled on subnet subnet-0c43e44cb3ec706fe
2024-10-09 21:48:23 - Public IP enabled on subnet subnet-027a10736124f28f0
2024-10-09 21:48:26 - Public IP enabled on subnet subnet-0040769b343744279
2024-10-09 21:48:28 - Route Table associated with Subnets and Public IPs enabled
2024-10-09 21:48:28 - Creating Security Group...
2024-10-09 21:48:34 - Security Group ID: sg-05d5eb2171cbc11c8
2024-10-09 21:48:34 - Creating EKS Cluster...
2024-10-09 21:48:35 - Using EKS cluster role ARN: arn:aws:iam::522424656191:role/eks-cluster-role
2024-10-09 21:48:38 - EKS Cluster creation initiated. Waiting for cluster to become active...
2024-10-09 21:56:42 - EKS Cluster is now active
2024-10-09 21:56:42 - Updating kubeconfig...
2024-10-09 21:56:43 - Creating SSH Key Pair for Jenkins Server...
2024-10-09 21:56:44 - SSH Key Pair created: quamtel_jenkins.pem
2024-10-09 21:56:44 - Creating Jenkins Security Group...
2024-10-09 21:56:45 - Jenkins Security Group ID: sg-0cd304c15e54425f3
2024-10-09 21:56:45 - Adding inbound rules to Jenkins Security Group...
2024-10-09 21:56:48 - Creating Jenkins EC2 Instance...
2024-10-09 21:56:50 - Jenkins EC2 Instance ID: i-0363f91440d63c1ba
2024-10-09 21:56:51 - Waiting for Jenkins EC2 Instance to be running...
2024-10-09 21:57:07 - Jenkins EC2 Instance is now running
2024-10-09 21:57:07 - Waiting for instance status checks to pass (this may take several minutes)...
2024-10-09 22:06:21 - Starting setup script...
2024-10-09 22:06:23 - Using AWS account ID: 522424656191
2024-10-09 22:06:25 - IAM role eks-cluster-role already exists
2024-10-09 22:06:26 - IAM role eks-worker-node-role already exists
2024-10-09 22:06:27 - Creating VPC and Subnets...
2024-10-09 22:06:30 - VPC ID: vpc-013a540564e78b500
2024-10-09 22:06:37 - Subnet IDs: subnet-0e0ab9187f105aabe, subnet-071738459aeeef275, subnet-02bcc3b33e9794d8a
2024-10-09 22:06:37 - Creating and attaching Internet Gateway...
2024-10-09 22:06:39 - Internet Gateway ID: igw-0b97fd1adec5526b8
2024-10-09 22:06:39 - Creating Route Table...
2024-10-09 22:06:40 - Route Table ID: rtb-082fec0cd1cd1d61f
2024-10-09 22:06:40 - Creating Route...
2024-10-09 22:06:41 - Route created successfully
2024-10-09 22:06:41 - Associating Route Table with Subnets...
2024-10-09 22:06:42 - Subnet subnet-0e0ab9187f105aabe associated with route table (Association ID: rtbassoc-00423e0d0ffac28b0)
2024-10-09 22:06:45 - Subnet subnet-071738459aeeef275 associated with route table (Association ID: rtbassoc-0d9e09701375c2220)
2024-10-09 22:06:49 - Subnet subnet-02bcc3b33e9794d8a associated with route table (Association ID: rtbassoc-07f1718bda4e54113)
2024-10-09 22:06:51 - Enabling Public IP on Subnets...
2024-10-09 22:06:52 - Public IP enabled on subnet subnet-0e0ab9187f105aabe
2024-10-09 22:06:55 - Public IP enabled on subnet subnet-071738459aeeef275
2024-10-09 22:06:58 - Public IP enabled on subnet subnet-02bcc3b33e9794d8a
2024-10-09 22:07:00 - Route Table associated with Subnets and Public IPs enabled
2024-10-09 22:07:00 - Creating Security Group...
2024-10-09 22:07:06 - Security Group ID: sg-088f0776fcca836dd
2024-10-09 22:07:06 - Creating EKS Cluster...
2024-10-09 22:07:07 - Using EKS cluster role ARN: arn:aws:iam::522424656191:role/eks-cluster-role
2024-10-09 22:07:11 - EKS Cluster creation initiated. Waiting for cluster to become active...
2024-10-09 22:13:45 - EKS Cluster is now active
2024-10-09 22:13:45 - Updating kubeconfig...
2024-10-09 22:13:46 - Creating SSH Key Pair for Jenkins Server...
2024-10-09 22:13:48 - SSH Key Pair created: quamtel_jenkins.pem
2024-10-09 22:13:48 - Creating Jenkins Security Group...
2024-10-09 22:13:49 - Jenkins Security Group ID: sg-0463edd7e78ec7dab
2024-10-09 22:13:49 - Adding inbound rules to Jenkins Security Group...
2024-10-09 22:13:52 - Creating Jenkins EC2 Instance...
2024-10-09 22:13:54 - Jenkins EC2 Instance ID: i-08f64672af6ff9661
2024-10-09 22:13:55 - Waiting for Jenkins EC2 Instance to be running...
2024-10-09 22:14:11 - Jenkins EC2 Instance is now running
2024-10-09 22:14:11 - Waiting for instance status checks to pass (this may take several minutes)...
2024-10-09 22:16:28 - Instance status checks passed. Userdata script execution likely completed.
2024-10-09 22:16:29 - Jenkins Server is running at: http://18.116.8.38:8080
2024-10-09 22:16:29 - Use the key pair quamtel_jenkins.pem to connect to the Jenkins server.
2024-10-09 22:16:29 - Checking if Jenkins is responding...
2024-10-09 22:16:30 - Jenkins is now accessible!
2024-10-10 14:23:44 - Starting setup script...
2024-10-10 14:23:46 - Using AWS account ID: 522424656191
2024-10-10 14:23:47 - IAM role eks-cluster-role already exists
2024-10-10 14:23:48 - IAM role eks-worker-node-role already exists
2024-10-10 14:23:50 - Creating VPC and Subnets...
2024-10-10 14:23:52 - VPC ID: vpc-02b9a0ebb9e55725c
2024-10-10 14:23:59 - Subnet IDs: subnet-08c928aed04f015b8, subnet-0ce46dd75a86babe2, subnet-0e50f10d173ca966b
2024-10-10 14:23:59 - Creating and attaching Internet Gateway...
2024-10-10 14:24:01 - Internet Gateway ID: igw-0090d40e0d4fca13f
2024-10-10 14:24:01 - Creating Route Table...
2024-10-10 14:24:03 - Route Table ID: rtb-03f0cd343824ec405
2024-10-10 14:24:03 - Creating Route...
2024-10-10 14:24:04 - Route created successfully
2024-10-10 14:24:04 - Associating Route Table with Subnets...
2024-10-10 14:24:05 - Subnet subnet-08c928aed04f015b8 associated with route table (Association ID: rtbassoc-05bf5fd2df75c8dd5)
2024-10-10 14:24:08 - Subnet subnet-0ce46dd75a86babe2 associated with route table (Association ID: rtbassoc-071850a7796de5aa2)
2024-10-10 14:24:11 - Subnet subnet-0e50f10d173ca966b associated with route table (Association ID: rtbassoc-03729187bb35a336e)
2024-10-10 14:24:13 - Enabling Public IP on Subnets...
2024-10-10 14:24:14 - Public IP enabled on subnet subnet-08c928aed04f015b8
2024-10-10 14:24:17 - Public IP enabled on subnet subnet-0ce46dd75a86babe2
2024-10-10 14:24:21 - Public IP enabled on subnet subnet-0e50f10d173ca966b
2024-10-10 14:24:23 - Route Table associated with Subnets and Public IPs enabled
2024-10-10 14:24:23 - Creating Security Group...
2024-10-10 14:24:28 - Security Group ID: sg-075ddc06b2283ac20
2024-10-10 14:24:28 - Creating EKS Cluster...
2024-10-10 14:24:29 - Using EKS cluster role ARN: arn:aws:iam::522424656191:role/eks-cluster-role
2024-10-10 14:24:33 - EKS Cluster creation initiated. Waiting for cluster to become active...
2024-10-10 14:31:06 - EKS Cluster is now active
2024-10-10 14:31:06 - Creating Node Group: TAS
2024-10-10 14:31:07 - Failed to create node group
2024-10-10 14:54:08 - Starting setup script for QuamTel environment...
2024-10-10 14:54:10 - Using AWS account ID: 522424656191
2024-10-10 14:54:11 - IAM role eks-cluster-role already exists
2024-10-10 14:54:12 - IAM role eks-worker-node-role already exists
2024-10-10 14:54:14 - Creating VPC...
2024-10-10 14:54:16 - VPC ID: vpc-0d8ef01c5e687032f
2024-10-10 14:54:16 - Creating subnets...
2024-10-10 14:54:23 - Subnet IDs: subnet-08d369a97b6b8a4c8, subnet-08dc979a48a408b49, subnet-0a95f27aabbf85f69
2024-10-10 14:54:23 - Creating and attaching Internet Gateway...
2024-10-10 14:54:25 - Internet Gateway ID: igw-01cbb51c8f7dd985e
2024-10-10 14:54:25 - Creating Route Table...
2024-10-10 14:54:26 - Route Table ID: rtb-0513efd5374244460
2024-10-10 14:54:26 - Creating route to IGW...
2024-10-10 14:56:28 - Starting setup script...
2024-10-10 14:56:30 - Using AWS account ID: 522424656191
2024-10-10 14:56:31 - IAM role eks-cluster-role already exists
2024-10-10 14:56:32 - IAM role eks-worker-node-role already exists
2024-10-10 14:56:34 - Creating VPC and Subnets...
2024-10-10 14:56:36 - VPC ID: vpc-00d267770f3a26ccf
2024-10-10 14:56:43 - Subnet IDs: subnet-0a12f1c6a91ee3c65, subnet-0cca2457297c14181, subnet-03de04e9d6ba0583a
2024-10-10 14:56:43 - Creating and attaching Internet Gateway...
2024-10-10 14:56:45 - Internet Gateway ID: igw-04765a65578881653
2024-10-10 14:56:45 - Creating Route Table...
2024-10-10 14:56:46 - Route Table ID: rtb-0cf391c839639b9a7
2024-10-10 14:56:46 - Creating Route...
2024-10-10 14:56:47 - Route created successfully
2024-10-10 14:56:47 - Associating Route Table with Subnets...
2024-10-10 14:56:48 - Subnet subnet-0a12f1c6a91ee3c65 associated with route table (Association ID: rtbassoc-077d1adc2138e2d8b)
2024-10-10 14:56:52 - Subnet subnet-0cca2457297c14181 associated with route table (Association ID: rtbassoc-06ca492fff508e162)
2024-10-10 14:56:55 - Subnet subnet-03de04e9d6ba0583a associated with route table (Association ID: rtbassoc-0d1d31b20a88e4eff)
2024-10-10 14:56:57 - Enabling Public IP on Subnets...
2024-10-10 14:56:58 - Public IP enabled on subnet subnet-0a12f1c6a91ee3c65
2024-10-10 14:57:01 - Public IP enabled on subnet subnet-0cca2457297c14181
2024-10-10 14:57:04 - Public IP enabled on subnet subnet-03de04e9d6ba0583a
2024-10-10 14:57:06 - Route Table associated with Subnets and Public IPs enabled
2024-10-10 14:57:06 - Creating Security Group...
2024-10-10 14:57:12 - Security Group ID: sg-01c1532dc5b9e855b
2024-10-10 14:57:12 - Creating EKS Cluster...
2024-10-10 14:57:13 - Using EKS cluster role ARN: arn:aws:iam::522424656191:role/eks-cluster-role
2024-10-10 14:57:16 - EKS Cluster creation initiated. Waiting for cluster to become active...
2024-10-10 15:06:50 - EKS Cluster is now active
2024-10-10 15:06:50 - Creating Node Group: TAS
2024-10-10 15:06:52 - Failed to create node group
2024-10-10 15:19:17 - Starting setup script...
2024-10-10 15:19:19 - Using AWS account ID: 522424656191
2024-10-10 15:19:20 - IAM role eks-cluster-role already exists
2024-10-10 15:19:21 - IAM role eks-worker-node-role already exists
2024-10-10 15:19:23 - Creating VPC and Subnets...
2024-10-10 15:19:25 - VPC ID: vpc-0143aba15b048ccd5
2024-10-10 15:19:32 - Subnet IDs: subnet-0e76be47e87ab1099, subnet-0beb04c7b30595040, subnet-01bdebd1ebaba2451
2024-10-10 15:19:32 - Creating and attaching Internet Gateway...
2024-10-10 15:19:34 - Internet Gateway ID: igw-0f202204b67d95441
2024-10-10 15:19:34 - Creating Route Table...
2024-10-10 15:19:35 - Route Table ID: rtb-0371fa1a1c411a9b6
2024-10-10 15:19:35 - Creating Route...
2024-10-10 15:19:36 - Route created successfully
2024-10-10 15:19:36 - Associating Route Table with Subnets...
2024-10-10 15:19:37 - Subnet subnet-0e76be47e87ab1099 associated with route table (Association ID: rtbassoc-0810756127be4013d)
2024-10-10 15:19:40 - Subnet subnet-0beb04c7b30595040 associated with route table (Association ID: rtbassoc-00e686095c6594c6d)
2024-10-10 15:19:43 - Subnet subnet-01bdebd1ebaba2451 associated with route table (Association ID: rtbassoc-048027fad201f1f98)
2024-10-10 15:19:45 - Enabling Public IP on Subnets...
2024-10-10 15:19:46 - Public IP enabled on subnet subnet-0e76be47e87ab1099
2024-10-10 15:19:50 - Public IP enabled on subnet subnet-0beb04c7b30595040
2024-10-10 15:19:53 - Public IP enabled on subnet subnet-01bdebd1ebaba2451
2024-10-10 15:19:55 - Route Table associated with Subnets and Public IPs enabled
2024-10-10 15:19:55 - Creating Security Group...
2024-10-10 15:20:01 - Security Group ID: sg-05c4ee2169944068b
2024-10-10 15:20:01 - Current AWS Account ID: 522424656191
2024-10-10 15:20:01 - Role ARN Account ID: iam
2024-10-10 15:20:01 - Error: The worker node role is in a different AWS account.
2024-10-10 15:20:01 - Current account: 522424656191
2024-10-10 15:20:01 - Role account: iam
2024-10-10 15:38:08 - Starting setup script...
2024-10-10 15:38:09 - Using AWS account ID: 522424656191
2024-10-10 15:38:10 - IAM role eks-cluster-role already exists
2024-10-10 15:38:11 - IAM role eks-worker-node-role already exists
2024-10-10 15:38:13 - Creating VPC and Subnets...
2024-10-10 15:38:16 - VPC ID: vpc-06b9ed8319ab541ff
2024-10-10 15:38:22 - Subnet IDs: subnet-017082460fa76d63a, subnet-0132030c4e5c73fb2, subnet-0652725f98ee8c8d7
2024-10-10 15:38:22 - Creating and attaching Internet Gateway...
2024-10-10 15:38:24 - Internet Gateway ID: igw-0f9b9a8aa79bc6f47
2024-10-10 15:38:24 - Creating Route Table...
2024-10-10 15:38:25 - Route Table ID: rtb-0907098c2025c0fb7
2024-10-10 15:38:25 - Creating Route...
2024-10-10 15:38:27 - Route created successfully
2024-10-10 15:38:27 - Associating Route Table with Subnets...
2024-10-10 15:38:28 - Subnet subnet-017082460fa76d63a associated with route table (Association ID: rtbassoc-0ef614edd600deba8)
2024-10-10 15:38:31 - Subnet subnet-0132030c4e5c73fb2 associated with route table (Association ID: rtbassoc-05973ae768903588f)
2024-10-10 15:38:34 - Subnet subnet-0652725f98ee8c8d7 associated with route table (Association ID: rtbassoc-0482a600af73a5db2)
2024-10-10 15:38:36 - Enabling Public IP on Subnets...
2024-10-10 15:38:37 - Public IP enabled on subnet subnet-017082460fa76d63a
2024-10-10 15:38:40 - Public IP enabled on subnet subnet-0132030c4e5c73fb2
2024-10-10 15:38:43 - Public IP enabled on subnet subnet-0652725f98ee8c8d7
2024-10-10 15:38:45 - Route Table associated with Subnets and Public IPs enabled
2024-10-10 15:38:45 - Creating Security Group...
2024-10-10 15:38:51 - Security Group ID: sg-03323651793418420
2024-10-10 15:38:51 - Creating EKS Cluster...
2024-10-10 15:38:52 - Using EKS cluster role ARN: arn:aws:iam::522424656191:role/eks-cluster-role
2024-10-10 15:38:55 - EKS Cluster creation initiated. Waiting for cluster to become active...
2024-10-10 15:45:28 - EKS Cluster is now active
2024-10-10 15:45:28 - Creating EKS Node Group: TAS
2024-10-10 15:57:43 - Starting setup script...
2024-10-10 15:57:44 - Using AWS account ID: 522424656191
2024-10-10 15:57:45 - IAM role eks-cluster-role already exists
2024-10-10 15:57:47 - IAM role eks-worker-node-role already exists
2024-10-10 15:57:48 - Creating VPC and Subnets...
2024-10-10 15:57:51 - VPC ID: vpc-050e4c86bc5e221cd
2024-10-10 15:57:58 - Subnet IDs: subnet-02bc58edeeceed9af, subnet-0c51ff0e7e8c365a0, subnet-07c7ad65ca99ba60d
2024-10-10 15:57:58 - Creating and attaching Internet Gateway...
2024-10-10 15:58:00 - Internet Gateway ID: igw-04ca7908999bd112f
2024-10-10 15:58:00 - Creating Route Table...
2024-10-10 15:58:01 - Route Table ID: rtb-01b0c91c169953336
2024-10-10 15:58:01 - Creating Route...
2024-10-10 15:58:02 - Route created successfully
2024-10-10 15:58:02 - Associating Route Table with Subnets...
2024-10-10 15:58:03 - Subnet subnet-02bc58edeeceed9af associated with route table (Association ID: rtbassoc-030069c54c92b3d6a)
2024-10-10 15:58:06 - Subnet subnet-0c51ff0e7e8c365a0 associated with route table (Association ID: rtbassoc-0999ebd974d30631b)
2024-10-10 15:58:09 - Subnet subnet-07c7ad65ca99ba60d associated with route table (Association ID: rtbassoc-088ca9f09e503dc8b)
2024-10-10 15:58:11 - Enabling Public IP on Subnets...
2024-10-10 15:58:13 - Public IP enabled on subnet subnet-02bc58edeeceed9af
2024-10-10 15:58:16 - Public IP enabled on subnet subnet-0c51ff0e7e8c365a0
2024-10-10 15:58:19 - Public IP enabled on subnet subnet-07c7ad65ca99ba60d
2024-10-10 15:58:21 - Route Table associated with Subnets and Public IPs enabled
2024-10-10 15:58:21 - Creating Security Group...
2024-10-10 15:58:27 - Security Group ID: sg-0bf8718fcf51a5559
2024-10-10 15:58:27 - Creating EKS Cluster...
2024-10-10 15:58:28 - Using EKS cluster role ARN: arn:aws:iam::522424656191:role/eks-cluster-role
2024-10-10 15:58:31 - EKS Cluster creation initiated. Waiting for cluster to become active...
2024-10-10 16:07:05 - EKS Cluster is now active
2024-10-10 16:07:05 - Creating Node Group: TAS
2024-10-10 16:07:06 - Using EKS worker node role ARN: arn:aws:iam::522424656191:role/eks-worker-node-role
2024-10-10 16:07:08 - Node group creation initiated. Waiting for node group to become active...
2024-10-10 16:09:10 - Node group TAS is now active
2024-10-10 16:09:10 - Updating kubeconfig...
2024-10-10 16:09:11 - Creating SSH Key Pair for Jenkins Server...
2024-10-10 16:09:12 - SSH Key Pair created: quamtel_jenkins.pem
2024-10-10 16:09:12 - Creating Jenkins Security Group...
2024-10-10 16:09:13 - Jenkins Security Group ID: sg-060c45c1b5562328a
2024-10-10 16:09:13 - Adding inbound rules to Jenkins Security Group...
2024-10-10 16:09:16 - Creating Jenkins EC2 Instance...
2024-10-10 16:27:18 - Starting setup script...
2024-10-10 16:27:20 - Using AWS account ID: 522424656191
2024-10-10 16:27:21 - IAM role eks-cluster-role already exists
2024-10-10 16:27:22 - IAM role eks-worker-node-role already exists
2024-10-10 16:27:24 - Creating VPC and Subnets...
2024-10-10 16:27:26 - VPC ID: vpc-0a9e03c99d551e424
2024-10-10 16:27:33 - Subnet IDs: subnet-02bd924e3cf365378, subnet-04d1a04dca547670c, subnet-0fed180c4044020e7
2024-10-10 16:27:33 - Creating and attaching Internet Gateway...
2024-10-10 16:27:35 - Internet Gateway ID: igw-04b71c220e0509db4
2024-10-10 16:27:35 - Creating Route Table...
2024-10-10 16:27:36 - Route Table ID: rtb-0ce5b24bd11d4b9de
2024-10-10 16:27:36 - Creating Route...
2024-10-10 16:27:37 - Route created successfully
2024-10-10 16:27:37 - Associating Route Table with Subnets...
2024-10-10 16:27:38 - Subnet subnet-02bd924e3cf365378 associated with route table (Association ID: rtbassoc-03e54b235015fa4a8)
2024-10-10 16:27:41 - Subnet subnet-04d1a04dca547670c associated with route table (Association ID: rtbassoc-06e17eaad6287bcb1)
2024-10-10 16:27:45 - Subnet subnet-0fed180c4044020e7 associated with route table (Association ID: rtbassoc-02c3d5c52852995d6)
2024-10-10 16:27:47 - Enabling Public IP on Subnets...
2024-10-10 16:27:48 - Public IP enabled on subnet subnet-02bd924e3cf365378
2024-10-10 16:27:51 - Public IP enabled on subnet subnet-04d1a04dca547670c
2024-10-10 16:27:54 - Public IP enabled on subnet subnet-0fed180c4044020e7
2024-10-10 16:27:56 - Route Table associated with Subnets and Public IPs enabled
2024-10-10 16:27:56 - Creating Security Group...
2024-10-10 16:28:02 - Security Group ID: sg-05351bc12667a695d
2024-10-10 16:28:02 - Creating EKS Cluster...
2024-10-10 16:28:03 - Using EKS cluster role ARN: arn:aws:iam::522424656191:role/eks-cluster-role
2024-10-10 16:28:06 - EKS Cluster creation initiated. Waiting for cluster to become active...
2024-10-10 16:35:10 - EKS Cluster is now active
2024-10-10 16:35:10 - Creating Node Group: TAS
2024-10-10 16:35:11 - Using EKS worker node role ARN: arn:aws:iam::522424656191:role/eks-worker-node-role
2024-10-10 16:35:13 - Node group creation initiated. Waiting for node group to become active...
2024-10-10 16:37:15 - Node group TAS is now active
2024-10-10 16:37:15 - Updating kubeconfig...
2024-10-10 16:37:17 - Creating SSH Key Pair for Jenkins Server...
2024-10-10 16:37:18 - SSH Key Pair created: quamtel_jenkins.pem
2024-10-10 16:37:18 - Creating Jenkins Security Group...
2024-10-10 16:37:19 - Jenkins Security Group ID: sg-0fbc2b03706794389
2024-10-10 16:37:19 - Adding inbound rules to Jenkins Security Group...
2024-10-10 16:37:21 - Creating Jenkins EC2 Instance...
2024-10-10 16:37:23 - Jenkins EC2 Instance ID: i-0b59f5bb6282d4d83
2024-10-10 16:37:25 - Waiting for Jenkins EC2 Instance to be running...
2024-10-10 16:37:41 - Jenkins EC2 Instance is now running
2024-10-10 16:37:41 - Waiting for instance status checks to pass (this may take several minutes)...
2024-10-10 16:39:28 - Instance status checks passed. Userdata script execution likely completed.
2024-10-10 16:39:29 - Jenkins Server is running at: http://3.142.12.217:8080
2024-10-10 16:39:29 - Use the key pair quamtel_jenkins.pem to connect to the Jenkins server.
2024-10-10 16:39:29 - Checking if Jenkins is responding...
2024-10-10 16:39:31 - Jenkins not yet accessible. Retrying in 10 seconds...
2024-10-10 16:39:42 - Jenkins is now accessible!
