Starting teardown script...
Using AWS account ID: 522424656191
Deleting Jenkins EC2 Instance...
Error on line 44
Starting teardown script...
Using AWS account ID: 522424656191
Deleting Jenkins EC2 Instance...
Jenkins EC2 Instance terminated: i-09c596c0ed245b07c
Deleting SSH Key Pair...
Error on line 48
Starting teardown script...
Using AWS account ID: 522424656191
Deleting Jenkins EC2 Instance...
Jenkins EC2 Instance terminated: i-09c596c0ed245b07c
Deleting SSH Key Pair...
SSH Key Pair deleted: quamtel_jenkins
Deleting Node Group...
Waiting for Node Group to be deleted...
Node Group deleted
Deleting EKS Cluster...
Waiting for EKS Cluster to be deleted...
EKS Cluster deleted
Deleting Security Group...
Security Group deleted: sg-0991b4cf9ba139865
Deleting Route Table Associations...
Error on line 80
Starting teardown script...
Using AWS account ID: 522424656191
Deleting Jenkins EC2 Instance...
Jenkins EC2 Instance terminated: i-0ce7334afe9a3966b
Deleting SSH Key Pair...
SSH Key Pair deleted: quamtel_jenkins
Deleting Node Group...
Error on line 54
